2025-05-17 11:22:11,439 [DEBUG] CloudFormation client initialized with endpoint https://cloudformation.eu-north-1.amazonaws.com
2025-05-17 11:22:11,440 [DEBUG] SQS client initialized with endpoint https://sqs.eu-north-1.amazonaws.com
2025-05-17 11:22:11,440 [DEBUG] CloudFormation client initialized with endpoint https://cloudformation.eu-north-1.amazonaws.com
2025-05-17 11:22:11,440 [DEBUG] Enabled single threading mode.
2025-05-17 11:22:11,440 [DEBUG] Creating /var/lib/cfn-hup/data
2025-05-17 11:22:11,459 [INFO] No umask value specified in config file. Using the default one: 0o22
2025-05-17 11:22:11,714 [INFO] Pid: 2538
2025-05-17 11:22:12,054 [INFO] Refreshing listener credentials
2025-05-17 11:22:12,160 [INFO] Scheduling next credential refresh in 1800.0 seconds
2025-05-17 11:24:05,962 [INFO] Received command ElasticBeanstalkCommand-AWSEBAutoScalingGroup (invocation id: 2344d2a7-9174-44ae-a060-87f199b905c2)
2025-05-17 11:24:05,963 [INFO] Running action for aws-eb-command-handler
2025-05-17 11:24:07,355 [INFO] Action for aws-eb-command-handler succeeded, returning SUCCESS
2025-05-17 11:27:27,691 [INFO] command processing is alive.
2025-05-17 11:28:09,229 [INFO] Received command ElasticBeanstalkCommand-AWSEBAutoScalingGroup (invocation id: ea657597-2f81-4cbf-93d6-d4dee31f85e0)
2025-05-17 11:28:09,230 [INFO] Running action for aws-eb-command-handler
2025-05-17 11:28:09,949 [INFO] Action for aws-eb-command-handler succeeded, returning SUCCESS
2025-05-17 11:32:30,327 [INFO] command processing is alive.
2025-05-17 11:34:30,619 [INFO] Received command ElasticBeanstalkCommand-AWSEBAutoScalingGroup (invocation id: 7c02639b-eb6d-452e-8578-033c55b34416)
2025-05-17 11:34:30,619 [INFO] Running action for aws-eb-command-handler
2025-05-17 11:34:31,322 [INFO] Action for aws-eb-command-handler succeeded, returning SUCCESS
2025-05-17 11:37:31,611 [INFO] command processing is alive.
2025-05-17 11:42:31,999 [INFO] command processing is alive.
2025-05-17 11:47:32,366 [INFO] command processing is alive.
2025-05-17 11:50:28,069 [INFO] Received command ElasticBeanstalkCommand-AWSEBAutoScalingGroup (invocation id: fd2007c2-b7c5-4bcf-b464-e03da33a1e59)
2025-05-17 11:50:28,069 [INFO] Running action for aws-eb-command-handler
2025-05-17 11:50:28,815 [INFO] Action for aws-eb-command-handler succeeded, returning SUCCESS
2025-05-17 11:52:12,160 [INFO] Refreshing listener credentials
2025-05-17 11:52:12,256 [INFO] Scheduling next credential refresh in 1799.0 seconds
2025-05-17 11:52:49,074 [INFO] command processing is alive.
2025-05-17 11:54:06,233 [INFO] Received command ElasticBeanstalkCommand-AWSEBAutoScalingGroup (invocation id: 4d865cef-42a4-43be-8395-ae934e028304)
2025-05-17 11:54:06,233 [INFO] Running action for aws-eb-command-handler
2025-05-17 11:54:06,981 [INFO] Action for aws-eb-command-handler succeeded, returning SUCCESS
2025-05-17 11:55:07,397 [INFO] Received command ElasticBeanstalkCommand-AWSEBAutoScalingGroup (invocation id: 60d5072f-adb4-4261-83f7-baeba6cd30e0)
2025-05-17 11:55:07,398 [INFO] Running action for aws-eb-command-handler
2025-05-17 11:55:08,166 [INFO] Action for aws-eb-command-handler succeeded, returning SUCCESS
2025-05-17 11:58:08,469 [INFO] command processing is alive.
2025-05-17 12:03:08,856 [INFO] command processing is alive.
2025-05-17 12:08:09,298 [INFO] command processing is alive.
2025-05-17 12:08:55,951 [INFO] Received command ElasticBeanstalkCommand-AWSEBAutoScalingGroup (invocation id: 6d26a6f9-3bde-409b-b915-a23e5c25bea1)
2025-05-17 12:08:55,951 [INFO] Running action for aws-eb-command-handler
2025-05-17 12:08:56,687 [INFO] Action for aws-eb-command-handler succeeded, returning SUCCESS
2025-05-17 12:13:17,087 [INFO] command processing is alive.
2025-05-17 12:18:17,488 [INFO] command processing is alive.
2025-05-17 12:18:47,760 [INFO] Received command ElasticBeanstalkCommand-AWSEBAutoScalingGroup (invocation id: 107180d1-b955-492d-8bca-647b08828b47)
2025-05-17 12:18:47,760 [INFO] Running action for aws-eb-command-handler
